====================================================================================================
/Users/damaresresende/Projects/SemanticEncoder/finetuning/src/computepca.py (40)
main[2020-03-04 05:49:02]
INFO: Computing PCA for data set

====================================================================================================
/Users/damaresresende/Projects/SemanticEncoder/finetuning/src/computepca.py (41)
main[2020-03-04 05:49:02]
INFO: Number of components is 512

====================================================================================================
/Users/damaresresende/Projects/SemanticEncoder/finetuning/src/computepca.py (43)
main[2020-03-04 05:49:02]
INFO: x_train path is ../../../Datasets/Birds/features/birds_x_train.txt

====================================================================================================
/Users/damaresresende/Projects/SemanticEncoder/finetuning/src/computepca.py (44)
main[2020-03-04 05:49:02]
INFO: y_train path is ../../../Datasets/Birds/features/birds_y_train.txt

====================================================================================================
/Users/damaresresende/Projects/SemanticEncoder/finetuning/src/computepca.py (45)
main[2020-03-04 05:49:02]
INFO: x_test path is ../../../Datasets/Birds/features/birds_x_test.txt

====================================================================================================
/Users/damaresresende/Projects/SemanticEncoder/finetuning/src/computepca.py (46)
main[2020-03-04 05:49:02]
INFO: y_test path is ../../../Datasets/Birds/features/birds_y_test.txt

====================================================================================================
/Users/damaresresende/Projects/SemanticEncoder/finetuning/src/computepca.py (56)
main[2020-03-04 05:49:11]
INFO: x_train shape: (3000, 2336)

====================================================================================================
/Users/damaresresende/Projects/SemanticEncoder/finetuning/src/computepca.py (57)
main[2020-03-04 05:49:11]
INFO: y_train shape: (3000,)

====================================================================================================
/Users/damaresresende/Projects/SemanticEncoder/finetuning/src/computepca.py (58)
main[2020-03-04 05:49:11]
INFO: x_test shape: (3033, 2336)

====================================================================================================
/Users/damaresresende/Projects/SemanticEncoder/finetuning/src/computepca.py (59)
main[2020-03-04 05:49:11]
INFO: y_test shape: (3033, 2336)

====================================================================================================
/Users/damaresresende/Projects/SemanticEncoder/finetuning/src/computepca.py (70)
main[2020-03-04 05:49:19]
INFO: PCA x_train shape: (3000, 512)

====================================================================================================
/Users/damaresresende/Projects/SemanticEncoder/finetuning/src/computepca.py (71)
main[2020-03-04 05:49:19]
INFO: PCA x_test shape: (3033, 512)

====================================================================================================
/Users/damaresresende/Projects/SemanticEncoder/finetuning/src/computepca.py (81)
main[2020-03-04 05:50:46]
INFO: SVM baseline for PCA is 0.023869

====================================================================================================
/Users/damaresresende/Projects/SemanticEncoder/finetuning/src/computepca.py (82)
main[2020-03-04 05:50:46]
INFO: Execution has finished successfully

====================================================================================================
/Users/damaresresende/Projects/SemanticEncoder/finetuning/src/computepca.py (93)
main[2020-03-04 05:50:46]
INFO: Elapsed time is 00:01:44.25

